<?xml version="1.0" encoding="UTF-8"?>
<!-- Generated by org.testng.reporters.JUnitXMLReporter -->
<testsuite ignored="2" hostname="LAPTOP-PS4Q2Q8U" failures="2" tests="4" name="Test" time="0.106" errors="0" timestamp="2020-01-13T22:06:01 IST">
  <testcase classname="com.test.com.test.Testngdemo" name="setup" time="0.026">
    <failure type="java.lang.AssertionError" message="The following asserts failed:
	expected [false] but found [true],
	did not expect to find [true] but found [false]">
      <![CDATA[java.lang.AssertionError: The following asserts failed:
expected [false] but found [true],
did not expect to find [true] but found [false]
at com.test.com.test.Testngdemo.setup(Testngdemo.java:31)
at java.base/java.util.ArrayList.forEach(ArrayList.java:1507)
... Removed 29 stack frames]]>
    </failure>
  </testcase> <!-- setup -->
  <testcase classname="com.test.com.test.Testngdemo" name="setup2" time="0.005">
    <failure type="java.lang.AssertionError">
      <![CDATA[java.lang.AssertionError: 
at com.test.com.test.Testngdemo.setup2(Testngdemo.java:47)
at java.base/java.util.ArrayList.forEach(ArrayList.java:1507)
... Removed 30 stack frames]]>
    </failure>
  </testcase> <!-- setup2 -->
  <testcase classname="com.test.com.test.Testngdemo" name="setup3" time="0.003"/>
  <testcase classname="com.test.com.test.Testngdemo2" name="mobileloan" time="0.002"/>
  <testcase classname="com.test.com.test.Testngdemo" name="setup1" time="0.0">
    <ignored/>
  </testcase> <!-- setup1 -->
  <testcase classname="com.test.com.test.Testngdemo2" name="personalloan" time="0.0">
    <ignored/>
  </testcase> <!-- personalloan -->
</testsuite> <!-- Test -->
